{"contracts\\PlebToHill.sol":{"l":{"48":11,"52":10,"54":10,"55":2,"60":9,"67":9,"68":9,"80":2,"81":2,"82":2,"83":2,"85":2,"86":1,"88":1,"90":1,"91":1,"94":1,"102":2,"110":7,"111":6,"116":5,"118":5,"129":5,"130":1,"134":1,"136":1,"138":1,"141":1,"150":5,"163":0,"164":0,"165":0,"166":0,"167":0,"180":4,"184":3,"192":0,"193":0,"194":0,"195":0,"196":0,"200":0,"213":6,"214":6,"215":6,"232":0,"233":0,"246":2,"247":2,"251":1,"254":2,"262":15,"263":15,"268":15},"path":"C:\\Users\\MY\\Desktop\\Rapid_Projects\\pleb-to-hill\\contracts\\PlebToHill.sol","s":{"1":11,"2":10,"3":10,"4":2,"5":9,"6":9,"7":2,"8":2,"9":2,"10":1,"11":1,"12":1,"13":1,"14":2,"15":7,"16":6,"17":5,"18":5,"19":5,"20":1,"21":1,"22":1,"23":1,"24":5,"25":0,"26":0,"27":4,"28":3,"29":0,"30":0,"31":0,"32":0,"33":0,"34":6,"35":6,"36":6,"37":0,"38":0,"39":2,"40":2,"41":2,"42":15,"43":15,"44":15},"b":{"1":[11,1],"2":[10,1],"3":[2,8],"4":[1,1],"5":[2,0],"6":[2,0],"7":[2,0],"8":[1,1],"9":[6,1],"10":[5,1],"11":[1,4],"12":[0,0],"13":[0,0],"14":[6,0],"15":[1,1],"16":[12,3]},"f":{"1":11,"2":2,"3":7,"4":0,"5":4,"6":3,"7":0,"8":6,"9":0,"10":2,"11":15},"fnMap":{"1":{"name":"createRound","line":47,"loc":{"start":{"line":47,"column":4},"end":{"line":73,"column":4}}},"2":{"name":"endRound","line":79,"loc":{"start":{"line":79,"column":4},"end":{"line":103,"column":4}}},"3":{"name":"addParticipant","line":109,"loc":{"start":{"line":109,"column":4},"end":{"line":157,"column":4}}},"4":{"name":"getLoserData","line":162,"loc":{"start":{"line":162,"column":4},"end":{"line":168,"column":5}}},"5":{"name":"getAllParticipantOfRound","line":175,"loc":{"start":{"line":175,"column":4},"end":{"line":181,"column":4}}},"6":{"name":"getRoundData","line":183,"loc":{"start":{"line":183,"column":4},"end":{"line":185,"column":4}}},"7":{"name":"getAllRounds","line":191,"loc":{"start":{"line":191,"column":4},"end":{"line":201,"column":4}}},"8":{"name":"getValueForNextParticipant","line":208,"loc":{"start":{"line":208,"column":4},"end":{"line":216,"column":4}}},"9":{"name":"getCurrentLiveRound","line":222,"loc":{"start":{"line":222,"column":4},"end":{"line":239,"column":4}}},"10":{"name":"IsPreviousRoundFinished","line":245,"loc":{"start":{"line":245,"column":4},"end":{"line":255,"column":4}}},"11":{"name":"isCurrentRoundLive","line":261,"loc":{"start":{"line":261,"column":4},"end":{"line":269,"column":4}}}},"statementMap":{"1":{"start":{"line":48,"column":8},"end":{"line":48,"column":1311}},"2":{"start":{"line":52,"column":8},"end":{"line":52,"column":42}},"3":{"start":{"line":54,"column":8},"end":{"line":54,"column":1494}},"4":{"start":{"line":55,"column":12},"end":{"line":55,"column":1529}},"5":{"start":{"line":67,"column":8},"end":{"line":67,"column":41}},"6":{"start":{"line":68,"column":8},"end":{"line":68,"column":1905}},"7":{"start":{"line":80,"column":8},"end":{"line":80,"column":62}},"8":{"start":{"line":81,"column":8},"end":{"line":81,"column":67}},"9":{"start":{"line":85,"column":8},"end":{"line":85,"column":2478}},"10":{"start":{"line":86,"column":12},"end":{"line":86,"column":2553}},"11":{"start":{"line":88,"column":12},"end":{"line":88,"column":2666}},"12":{"start":{"line":91,"column":12},"end":{"line":91,"column":2822}},"13":{"start":{"line":94,"column":12},"end":{"line":94,"column":2939}},"14":{"start":{"line":102,"column":8},"end":{"line":102,"column":35}},"15":{"start":{"line":110,"column":8},"end":{"line":110,"column":64}},"16":{"start":{"line":111,"column":8},"end":{"line":111,"column":3514}},"17":{"start":{"line":116,"column":8},"end":{"line":116,"column":63}},"18":{"start":{"line":118,"column":8},"end":{"line":118,"column":3718}},"19":{"start":{"line":129,"column":8},"end":{"line":129,"column":4055}},"20":{"start":{"line":130,"column":11},"end":{"line":130,"column":4107}},"21":{"start":{"line":134,"column":12},"end":{"line":134,"column":4306}},"22":{"start":{"line":138,"column":12},"end":{"line":138,"column":4509}},"23":{"start":{"line":141,"column":12},"end":{"line":141,"column":4608}},"24":{"start":{"line":150,"column":8},"end":{"line":150,"column":4951}},"25":{"start":{"line":163,"column":4},"end":{"line":163,"column":69}},"26":{"start":{"line":164,"column":5},"end":{"line":164,"column":89}},"27":{"start":{"line":180,"column":8},"end":{"line":180,"column":36}},"28":{"start":{"line":184,"column":6},"end":{"line":184,"column":31}},"29":{"start":{"line":192,"column":8},"end":{"line":192,"column":50}},"30":{"start":{"line":193,"column":8},"end":{"line":193,"column":60}},"31":{"start":{"line":194,"column":8},"end":{"line":194,"column":6284}},"32":{"start":{"line":195,"column":7},"end":{"line":195,"column":41}},"33":{"start":{"line":200,"column":2},"end":{"line":200,"column":20}},"34":{"start":{"line":213,"column":8},"end":{"line":213,"column":64}},"35":{"start":{"line":214,"column":8},"end":{"line":214,"column":64}},"36":{"start":{"line":215,"column":8},"end":{"line":215,"column":46}},"37":{"start":{"line":232,"column":8},"end":{"line":232,"column":57}},"38":{"start":{"line":233,"column":8},"end":{"line":233,"column":7294}},"39":{"start":{"line":246,"column":8},"end":{"line":246,"column":21}},"40":{"start":{"line":247,"column":8},"end":{"line":247,"column":7637}},"41":{"start":{"line":254,"column":8},"end":{"line":254,"column":23}},"42":{"start":{"line":262,"column":8},"end":{"line":262,"column":19}},"43":{"start":{"line":263,"column":8},"end":{"line":263,"column":8064}},"44":{"start":{"line":268,"column":8},"end":{"line":268,"column":21}}},"branchMap":{"1":{"line":47,"type":"if","locations":[{"start":{"line":47,"column":36},"end":{"line":47,"column":36}},{"start":{"line":47,"column":36},"end":{"line":47,"column":36}}]},"2":{"line":48,"type":"if","locations":[{"start":{"line":48,"column":8},"end":{"line":48,"column":8}},{"start":{"line":48,"column":8},"end":{"line":48,"column":8}}]},"3":{"line":54,"type":"if","locations":[{"start":{"line":54,"column":8},"end":{"line":54,"column":8}},{"start":{"line":54,"column":8},"end":{"line":54,"column":8}}]},"4":{"line":55,"type":"if","locations":[{"start":{"line":55,"column":12},"end":{"line":55,"column":12}},{"start":{"line":55,"column":12},"end":{"line":55,"column":12}}]},"5":{"line":79,"type":"if","locations":[{"start":{"line":79,"column":48},"end":{"line":79,"column":48}},{"start":{"line":79,"column":48},"end":{"line":79,"column":48}}]},"6":{"line":80,"type":"if","locations":[{"start":{"line":80,"column":8},"end":{"line":80,"column":8}},{"start":{"line":80,"column":8},"end":{"line":80,"column":8}}]},"7":{"line":81,"type":"if","locations":[{"start":{"line":81,"column":8},"end":{"line":81,"column":8}},{"start":{"line":81,"column":8},"end":{"line":81,"column":8}}]},"8":{"line":85,"type":"if","locations":[{"start":{"line":85,"column":8},"end":{"line":85,"column":8}},{"start":{"line":85,"column":8},"end":{"line":85,"column":8}}]},"9":{"line":110,"type":"if","locations":[{"start":{"line":110,"column":8},"end":{"line":110,"column":8}},{"start":{"line":110,"column":8},"end":{"line":110,"column":8}}]},"10":{"line":111,"type":"if","locations":[{"start":{"line":111,"column":8},"end":{"line":111,"column":8}},{"start":{"line":111,"column":8},"end":{"line":111,"column":8}}]},"11":{"line":129,"type":"if","locations":[{"start":{"line":129,"column":8},"end":{"line":129,"column":8}},{"start":{"line":129,"column":8},"end":{"line":129,"column":8}}]},"12":{"line":163,"type":"if","locations":[{"start":{"line":163,"column":4},"end":{"line":163,"column":4}},{"start":{"line":163,"column":4},"end":{"line":163,"column":4}}]},"13":{"line":192,"type":"if","locations":[{"start":{"line":192,"column":8},"end":{"line":192,"column":8}},{"start":{"line":192,"column":8},"end":{"line":192,"column":8}}]},"14":{"line":213,"type":"if","locations":[{"start":{"line":213,"column":8},"end":{"line":213,"column":8}},{"start":{"line":213,"column":8},"end":{"line":213,"column":8}}]},"15":{"line":247,"type":"if","locations":[{"start":{"line":247,"column":8},"end":{"line":247,"column":8}},{"start":{"line":247,"column":8},"end":{"line":247,"column":8}}]},"16":{"line":263,"type":"if","locations":[{"start":{"line":263,"column":8},"end":{"line":263,"column":8}},{"start":{"line":263,"column":8},"end":{"line":263,"column":8}}]}}}}