{"contracts\\PlebToHill.sol":{"l":{"46":8,"50":7,"52":7,"53":2,"58":6,"64":6,"65":6,"77":1,"78":1,"79":1,"80":1,"82":1,"83":0,"85":0,"87":0,"88":0,"91":0,"99":1,"107":2,"108":1,"113":1,"115":1,"126":1,"127":0,"129":0,"131":0,"133":0,"136":0,"145":1,"171":0,"172":0,"175":0,"176":0,"177":0,"190":4,"204":3,"212":0,"225":1,"226":1,"227":1,"247":0,"248":0,"261":2,"262":2,"266":1,"269":2,"277":4,"278":4,"283":4},"path":"C:\\Users\\MY\\Desktop\\Rapid_Projects\\pleb-to-hill\\contracts\\PlebToHill.sol","s":{"1":8,"2":7,"3":7,"4":2,"5":6,"6":6,"7":1,"8":1,"9":1,"10":0,"11":0,"12":0,"13":0,"14":1,"15":2,"16":1,"17":1,"18":1,"19":1,"20":0,"21":0,"22":0,"23":0,"24":1,"25":0,"26":0,"27":4,"28":3,"29":0,"30":1,"31":1,"32":1,"33":0,"34":0,"35":2,"36":2,"37":2,"38":4,"39":4,"40":4},"b":{"1":[8,1],"2":[7,1],"3":[2,5],"4":[1,1],"5":[1,0],"6":[1,0],"7":[1,0],"8":[0,1],"9":[1,1],"10":[1,0],"11":[0,1],"12":[0,0],"13":[1,0],"14":[1,1],"15":[2,2]},"f":{"1":8,"2":1,"3":2,"4":0,"5":4,"6":3,"7":0,"8":1,"9":0,"10":2,"11":4},"fnMap":{"1":{"name":"createRound","line":45,"loc":{"start":{"line":45,"column":4},"end":{"line":70,"column":4}}},"2":{"name":"endRound","line":76,"loc":{"start":{"line":76,"column":4},"end":{"line":100,"column":4}}},"3":{"name":"addParticipant","line":106,"loc":{"start":{"line":106,"column":4},"end":{"line":152,"column":4}}},"4":{"name":"getLoserData","line":162,"loc":{"start":{"line":162,"column":4},"end":{"line":178,"column":4}}},"5":{"name":"getAllParticipantOfRound","line":185,"loc":{"start":{"line":185,"column":4},"end":{"line":191,"column":4}}},"6":{"name":"getRoundData","line":199,"loc":{"start":{"line":199,"column":4},"end":{"line":205,"column":4}}},"7":{"name":"getAllRounds","line":211,"loc":{"start":{"line":211,"column":4},"end":{"line":213,"column":4}}},"8":{"name":"getValueForNextParticipant","line":220,"loc":{"start":{"line":220,"column":4},"end":{"line":228,"column":4}}},"9":{"name":"getCurrentLiveRound","line":237,"loc":{"start":{"line":237,"column":4},"end":{"line":254,"column":4}}},"10":{"name":"IsPreviousRoundFinished","line":260,"loc":{"start":{"line":260,"column":4},"end":{"line":270,"column":4}}},"11":{"name":"isCurrentRoundLive","line":276,"loc":{"start":{"line":276,"column":4},"end":{"line":284,"column":4}}}},"statementMap":{"1":{"start":{"line":46,"column":8},"end":{"line":46,"column":1283}},"2":{"start":{"line":50,"column":8},"end":{"line":50,"column":42}},"3":{"start":{"line":52,"column":8},"end":{"line":52,"column":1481}},"4":{"start":{"line":53,"column":12},"end":{"line":53,"column":1516}},"5":{"start":{"line":64,"column":8},"end":{"line":64,"column":41}},"6":{"start":{"line":65,"column":8},"end":{"line":65,"column":1860}},"7":{"start":{"line":77,"column":8},"end":{"line":77,"column":62}},"8":{"start":{"line":78,"column":8},"end":{"line":78,"column":67}},"9":{"start":{"line":82,"column":8},"end":{"line":82,"column":2433}},"10":{"start":{"line":83,"column":12},"end":{"line":83,"column":2508}},"11":{"start":{"line":85,"column":12},"end":{"line":85,"column":2621}},"12":{"start":{"line":88,"column":12},"end":{"line":88,"column":2777}},"13":{"start":{"line":91,"column":12},"end":{"line":91,"column":2894}},"14":{"start":{"line":99,"column":8},"end":{"line":99,"column":35}},"15":{"start":{"line":107,"column":8},"end":{"line":107,"column":64}},"16":{"start":{"line":108,"column":8},"end":{"line":108,"column":3469}},"17":{"start":{"line":113,"column":8},"end":{"line":113,"column":63}},"18":{"start":{"line":115,"column":8},"end":{"line":115,"column":3673}},"19":{"start":{"line":126,"column":8},"end":{"line":126,"column":4010}},"20":{"start":{"line":127,"column":12},"end":{"line":127,"column":4092}},"21":{"start":{"line":129,"column":12},"end":{"line":129,"column":4225}},"22":{"start":{"line":133,"column":12},"end":{"line":133,"column":4428}},"23":{"start":{"line":136,"column":12},"end":{"line":136,"column":4527}},"24":{"start":{"line":145,"column":8},"end":{"line":145,"column":4870}},"25":{"start":{"line":171,"column":8},"end":{"line":171,"column":75}},"26":{"start":{"line":172,"column":8},"end":{"line":172,"column":5549}},"27":{"start":{"line":190,"column":8},"end":{"line":190,"column":36}},"28":{"start":{"line":204,"column":8},"end":{"line":204,"column":33}},"29":{"start":{"line":212,"column":8},"end":{"line":212,"column":21}},"30":{"start":{"line":225,"column":8},"end":{"line":225,"column":64}},"31":{"start":{"line":226,"column":8},"end":{"line":226,"column":64}},"32":{"start":{"line":227,"column":8},"end":{"line":227,"column":61}},"33":{"start":{"line":247,"column":8},"end":{"line":247,"column":57}},"34":{"start":{"line":248,"column":8},"end":{"line":248,"column":7577}},"35":{"start":{"line":261,"column":8},"end":{"line":261,"column":21}},"36":{"start":{"line":262,"column":8},"end":{"line":262,"column":7920}},"37":{"start":{"line":269,"column":8},"end":{"line":269,"column":23}},"38":{"start":{"line":277,"column":8},"end":{"line":277,"column":19}},"39":{"start":{"line":278,"column":8},"end":{"line":278,"column":8347}},"40":{"start":{"line":283,"column":8},"end":{"line":283,"column":21}}},"branchMap":{"1":{"line":45,"type":"if","locations":[{"start":{"line":45,"column":36},"end":{"line":45,"column":36}},{"start":{"line":45,"column":36},"end":{"line":45,"column":36}}]},"2":{"line":46,"type":"if","locations":[{"start":{"line":46,"column":8},"end":{"line":46,"column":8}},{"start":{"line":46,"column":8},"end":{"line":46,"column":8}}]},"3":{"line":52,"type":"if","locations":[{"start":{"line":52,"column":8},"end":{"line":52,"column":8}},{"start":{"line":52,"column":8},"end":{"line":52,"column":8}}]},"4":{"line":53,"type":"if","locations":[{"start":{"line":53,"column":12},"end":{"line":53,"column":12}},{"start":{"line":53,"column":12},"end":{"line":53,"column":12}}]},"5":{"line":76,"type":"if","locations":[{"start":{"line":76,"column":48},"end":{"line":76,"column":48}},{"start":{"line":76,"column":48},"end":{"line":76,"column":48}}]},"6":{"line":77,"type":"if","locations":[{"start":{"line":77,"column":8},"end":{"line":77,"column":8}},{"start":{"line":77,"column":8},"end":{"line":77,"column":8}}]},"7":{"line":78,"type":"if","locations":[{"start":{"line":78,"column":8},"end":{"line":78,"column":8}},{"start":{"line":78,"column":8},"end":{"line":78,"column":8}}]},"8":{"line":82,"type":"if","locations":[{"start":{"line":82,"column":8},"end":{"line":82,"column":8}},{"start":{"line":82,"column":8},"end":{"line":82,"column":8}}]},"9":{"line":107,"type":"if","locations":[{"start":{"line":107,"column":8},"end":{"line":107,"column":8}},{"start":{"line":107,"column":8},"end":{"line":107,"column":8}}]},"10":{"line":108,"type":"if","locations":[{"start":{"line":108,"column":8},"end":{"line":108,"column":8}},{"start":{"line":108,"column":8},"end":{"line":108,"column":8}}]},"11":{"line":126,"type":"if","locations":[{"start":{"line":126,"column":8},"end":{"line":126,"column":8}},{"start":{"line":126,"column":8},"end":{"line":126,"column":8}}]},"12":{"line":171,"type":"if","locations":[{"start":{"line":171,"column":8},"end":{"line":171,"column":8}},{"start":{"line":171,"column":8},"end":{"line":171,"column":8}}]},"13":{"line":225,"type":"if","locations":[{"start":{"line":225,"column":8},"end":{"line":225,"column":8}},{"start":{"line":225,"column":8},"end":{"line":225,"column":8}}]},"14":{"line":262,"type":"if","locations":[{"start":{"line":262,"column":8},"end":{"line":262,"column":8}},{"start":{"line":262,"column":8},"end":{"line":262,"column":8}}]},"15":{"line":278,"type":"if","locations":[{"start":{"line":278,"column":8},"end":{"line":278,"column":8}},{"start":{"line":278,"column":8},"end":{"line":278,"column":8}}]}}}}